2015/05/14 22:17:19 [error] [exception.CException] exception 'CException' with message 'Property "CWebUser.usertype" is not defined.' in /srv/www/htdocs/yii/framework/base/CComponent.php:130
Stack trace:
#0 /srv/www/htdocs/yii/framework/web/auth/CWebUser.php(146): CComponent->__get('usertype')
#1 /srv/www/htdocs/sales/protected/controllers/SiteController.php(30): CWebUser->__get('usertype')
#2 /srv/www/htdocs/yii/framework/web/actions/CInlineAction.php(49): SiteController->actionIndex()
#3 /srv/www/htdocs/yii/framework/web/CController.php(308): CInlineAction->runWithParams(Array)
#4 /srv/www/htdocs/yii/framework/web/CController.php(286): CController->runAction(Object(CInlineAction))
#5 /srv/www/htdocs/yii/framework/web/CController.php(265): CController->runActionWithFilters(Object(CInlineAction), Array)
#6 /srv/www/htdocs/yii/framework/web/CWebApplication.php(282): CController->run('index')
#7 /srv/www/htdocs/yii/framework/web/CWebApplication.php(141): CWebApplication->runController('site/index')
#8 /srv/www/htdocs/yii/framework/base/CApplication.php(184): CWebApplication->processRequest()
#9 /srv/www/htdocs/sales/index.php(13): CApplication->run()
#10 {main}
REQUEST_URI=/sales/index.php?r=site/index
HTTP_REFERER=http://localhost/sales/index.php?r=site/login
---
2015/05/14 22:19:51 [error] [exception.CException] exception 'CException' with message 'Property "CWebUser.usertype" is not defined.' in /srv/www/htdocs/yii/framework/base/CComponent.php:130
Stack trace:
#0 /srv/www/htdocs/yii/framework/web/auth/CWebUser.php(146): CComponent->__get('usertype')
#1 /srv/www/htdocs/sales/protected/controllers/SiteController.php(30): CWebUser->__get('usertype')
#2 /srv/www/htdocs/yii/framework/web/actions/CInlineAction.php(49): SiteController->actionIndex()
#3 /srv/www/htdocs/yii/framework/web/CController.php(308): CInlineAction->runWithParams(Array)
#4 /srv/www/htdocs/yii/framework/web/CController.php(286): CController->runAction(Object(CInlineAction))
#5 /srv/www/htdocs/yii/framework/web/CController.php(265): CController->runActionWithFilters(Object(CInlineAction), Array)
#6 /srv/www/htdocs/yii/framework/web/CWebApplication.php(282): CController->run('index')
#7 /srv/www/htdocs/yii/framework/web/CWebApplication.php(141): CWebApplication->runController('site/index')
#8 /srv/www/htdocs/yii/framework/base/CApplication.php(184): CWebApplication->processRequest()
#9 /srv/www/htdocs/sales/index.php(13): CApplication->run()
#10 {main}
REQUEST_URI=/sales/index.php?r=site/index
HTTP_REFERER=http://localhost/sales/index.php?r=site/login
---
2015/05/14 22:19:52 [error] [exception.CException] exception 'CException' with message 'Property "CWebUser.usertype" is not defined.' in /srv/www/htdocs/yii/framework/base/CComponent.php:130
Stack trace:
#0 /srv/www/htdocs/yii/framework/web/auth/CWebUser.php(146): CComponent->__get('usertype')
#1 /srv/www/htdocs/sales/protected/controllers/SiteController.php(30): CWebUser->__get('usertype')
#2 /srv/www/htdocs/yii/framework/web/actions/CInlineAction.php(49): SiteController->actionIndex()
#3 /srv/www/htdocs/yii/framework/web/CController.php(308): CInlineAction->runWithParams(Array)
#4 /srv/www/htdocs/yii/framework/web/CController.php(286): CController->runAction(Object(CInlineAction))
#5 /srv/www/htdocs/yii/framework/web/CController.php(265): CController->runActionWithFilters(Object(CInlineAction), Array)
#6 /srv/www/htdocs/yii/framework/web/CWebApplication.php(282): CController->run('index')
#7 /srv/www/htdocs/yii/framework/web/CWebApplication.php(141): CWebApplication->runController('site/index')
#8 /srv/www/htdocs/yii/framework/base/CApplication.php(184): CWebApplication->processRequest()
#9 /srv/www/htdocs/sales/index.php(13): CApplication->run()
#10 {main}
REQUEST_URI=/sales/index.php?r=site/index
HTTP_REFERER=http://localhost/sales/index.php?r=site/login
---
2015/05/14 22:19:55 [error] [exception.CException] exception 'CException' with message 'Property "CWebUser.usertype" is not defined.' in /srv/www/htdocs/yii/framework/base/CComponent.php:130
Stack trace:
#0 /srv/www/htdocs/yii/framework/web/auth/CWebUser.php(146): CComponent->__get('usertype')
#1 /srv/www/htdocs/sales/protected/controllers/SiteController.php(30): CWebUser->__get('usertype')
#2 /srv/www/htdocs/yii/framework/web/actions/CInlineAction.php(49): SiteController->actionIndex()
#3 /srv/www/htdocs/yii/framework/web/CController.php(308): CInlineAction->runWithParams(Array)
#4 /srv/www/htdocs/yii/framework/web/CController.php(286): CController->runAction(Object(CInlineAction))
#5 /srv/www/htdocs/yii/framework/web/CController.php(265): CController->runActionWithFilters(Object(CInlineAction), Array)
#6 /srv/www/htdocs/yii/framework/web/CWebApplication.php(282): CController->run('index')
#7 /srv/www/htdocs/yii/framework/web/CWebApplication.php(141): CWebApplication->runController('site/index')
#8 /srv/www/htdocs/yii/framework/base/CApplication.php(184): CWebApplication->processRequest()
#9 /srv/www/htdocs/sales/index.php(13): CApplication->run()
#10 {main}
REQUEST_URI=/sales/index.php?r=site/index
HTTP_REFERER=http://localhost/sales/index.php?r=site/page&view=about
---
2015/05/14 22:19:59 [error] [exception.CException] exception 'CException' with message 'Property "CWebUser.usertype" is not defined.' in /srv/www/htdocs/yii/framework/base/CComponent.php:130
Stack trace:
#0 /srv/www/htdocs/yii/framework/web/auth/CWebUser.php(146): CComponent->__get('usertype')
#1 /srv/www/htdocs/sales/protected/controllers/SiteController.php(30): CWebUser->__get('usertype')
#2 /srv/www/htdocs/yii/framework/web/actions/CInlineAction.php(49): SiteController->actionIndex()
#3 /srv/www/htdocs/yii/framework/web/CController.php(308): CInlineAction->runWithParams(Array)
#4 /srv/www/htdocs/yii/framework/web/CController.php(286): CController->runAction(Object(CInlineAction))
#5 /srv/www/htdocs/yii/framework/web/CController.php(265): CController->runActionWithFilters(Object(CInlineAction), Array)
#6 /srv/www/htdocs/yii/framework/web/CWebApplication.php(282): CController->run('')
#7 /srv/www/htdocs/yii/framework/web/CWebApplication.php(141): CWebApplication->runController('')
#8 /srv/www/htdocs/yii/framework/base/CApplication.php(184): CWebApplication->processRequest()
#9 /srv/www/htdocs/sales/index.php(13): CApplication->run()
#10 {main}
REQUEST_URI=/sales/
---
2015/05/14 22:23:12 [error] [exception.CException] exception 'CException' with message 'Property "CWebUser.usertype" is not defined.' in /srv/www/htdocs/yii/framework/base/CComponent.php:130
Stack trace:
#0 /srv/www/htdocs/yii/framework/web/auth/CWebUser.php(146): CComponent->__get('usertype')
#1 /srv/www/htdocs/sales/protected/controllers/SiteController.php(30): CWebUser->__get('usertype')
#2 /srv/www/htdocs/yii/framework/web/actions/CInlineAction.php(49): SiteController->actionIndex()
#3 /srv/www/htdocs/yii/framework/web/CController.php(308): CInlineAction->runWithParams(Array)
#4 /srv/www/htdocs/yii/framework/web/CController.php(286): CController->runAction(Object(CInlineAction))
#5 /srv/www/htdocs/yii/framework/web/CController.php(265): CController->runActionWithFilters(Object(CInlineAction), Array)
#6 /srv/www/htdocs/yii/framework/web/CWebApplication.php(282): CController->run('')
#7 /srv/www/htdocs/yii/framework/web/CWebApplication.php(141): CWebApplication->runController('')
#8 /srv/www/htdocs/yii/framework/base/CApplication.php(184): CWebApplication->processRequest()
#9 /srv/www/htdocs/sales/index.php(13): CApplication->run()
#10 {main}
REQUEST_URI=/sales/
---
2015/05/14 22:23:12 [error] [exception.CException] exception 'CException' with message 'Property "CWebUser.usertype" is not defined.' in /srv/www/htdocs/yii/framework/base/CComponent.php:130
Stack trace:
#0 /srv/www/htdocs/yii/framework/web/auth/CWebUser.php(146): CComponent->__get('usertype')
#1 /srv/www/htdocs/sales/protected/controllers/SiteController.php(30): CWebUser->__get('usertype')
#2 /srv/www/htdocs/yii/framework/web/actions/CInlineAction.php(49): SiteController->actionIndex()
#3 /srv/www/htdocs/yii/framework/web/CController.php(308): CInlineAction->runWithParams(Array)
#4 /srv/www/htdocs/yii/framework/web/CController.php(286): CController->runAction(Object(CInlineAction))
#5 /srv/www/htdocs/yii/framework/web/CController.php(265): CController->runActionWithFilters(Object(CInlineAction), Array)
#6 /srv/www/htdocs/yii/framework/web/CWebApplication.php(282): CController->run('')
#7 /srv/www/htdocs/yii/framework/web/CWebApplication.php(141): CWebApplication->runController('')
#8 /srv/www/htdocs/yii/framework/base/CApplication.php(184): CWebApplication->processRequest()
#9 /srv/www/htdocs/sales/index.php(13): CApplication->run()
#10 {main}
REQUEST_URI=/sales/
---
2015/05/14 22:23:13 [error] [exception.CException] exception 'CException' with message 'Property "CWebUser.usertype" is not defined.' in /srv/www/htdocs/yii/framework/base/CComponent.php:130
Stack trace:
#0 /srv/www/htdocs/yii/framework/web/auth/CWebUser.php(146): CComponent->__get('usertype')
#1 /srv/www/htdocs/sales/protected/controllers/SiteController.php(30): CWebUser->__get('usertype')
#2 /srv/www/htdocs/yii/framework/web/actions/CInlineAction.php(49): SiteController->actionIndex()
#3 /srv/www/htdocs/yii/framework/web/CController.php(308): CInlineAction->runWithParams(Array)
#4 /srv/www/htdocs/yii/framework/web/CController.php(286): CController->runAction(Object(CInlineAction))
#5 /srv/www/htdocs/yii/framework/web/CController.php(265): CController->runActionWithFilters(Object(CInlineAction), Array)
#6 /srv/www/htdocs/yii/framework/web/CWebApplication.php(282): CController->run('')
#7 /srv/www/htdocs/yii/framework/web/CWebApplication.php(141): CWebApplication->runController('')
#8 /srv/www/htdocs/yii/framework/base/CApplication.php(184): CWebApplication->processRequest()
#9 /srv/www/htdocs/sales/index.php(13): CApplication->run()
#10 {main}
REQUEST_URI=/sales/
---
2015/05/14 22:23:13 [error] [exception.CException] exception 'CException' with message 'Property "CWebUser.usertype" is not defined.' in /srv/www/htdocs/yii/framework/base/CComponent.php:130
Stack trace:
#0 /srv/www/htdocs/yii/framework/web/auth/CWebUser.php(146): CComponent->__get('usertype')
#1 /srv/www/htdocs/sales/protected/controllers/SiteController.php(30): CWebUser->__get('usertype')
#2 /srv/www/htdocs/yii/framework/web/actions/CInlineAction.php(49): SiteController->actionIndex()
#3 /srv/www/htdocs/yii/framework/web/CController.php(308): CInlineAction->runWithParams(Array)
#4 /srv/www/htdocs/yii/framework/web/CController.php(286): CController->runAction(Object(CInlineAction))
#5 /srv/www/htdocs/yii/framework/web/CController.php(265): CController->runActionWithFilters(Object(CInlineAction), Array)
#6 /srv/www/htdocs/yii/framework/web/CWebApplication.php(282): CController->run('')
#7 /srv/www/htdocs/yii/framework/web/CWebApplication.php(141): CWebApplication->runController('')
#8 /srv/www/htdocs/yii/framework/base/CApplication.php(184): CWebApplication->processRequest()
#9 /srv/www/htdocs/sales/index.php(13): CApplication->run()
#10 {main}
REQUEST_URI=/sales/
---
2015/05/14 22:23:13 [error] [exception.CException] exception 'CException' with message 'Property "CWebUser.usertype" is not defined.' in /srv/www/htdocs/yii/framework/base/CComponent.php:130
Stack trace:
#0 /srv/www/htdocs/yii/framework/web/auth/CWebUser.php(146): CComponent->__get('usertype')
#1 /srv/www/htdocs/sales/protected/controllers/SiteController.php(30): CWebUser->__get('usertype')
#2 /srv/www/htdocs/yii/framework/web/actions/CInlineAction.php(49): SiteController->actionIndex()
#3 /srv/www/htdocs/yii/framework/web/CController.php(308): CInlineAction->runWithParams(Array)
#4 /srv/www/htdocs/yii/framework/web/CController.php(286): CController->runAction(Object(CInlineAction))
#5 /srv/www/htdocs/yii/framework/web/CController.php(265): CController->runActionWithFilters(Object(CInlineAction), Array)
#6 /srv/www/htdocs/yii/framework/web/CWebApplication.php(282): CController->run('')
#7 /srv/www/htdocs/yii/framework/web/CWebApplication.php(141): CWebApplication->runController('')
#8 /srv/www/htdocs/yii/framework/base/CApplication.php(184): CWebApplication->processRequest()
#9 /srv/www/htdocs/sales/index.php(13): CApplication->run()
#10 {main}
REQUEST_URI=/sales/
---
2015/05/14 22:23:14 [error] [exception.CException] exception 'CException' with message 'Property "CWebUser.usertype" is not defined.' in /srv/www/htdocs/yii/framework/base/CComponent.php:130
Stack trace:
#0 /srv/www/htdocs/yii/framework/web/auth/CWebUser.php(146): CComponent->__get('usertype')
#1 /srv/www/htdocs/sales/protected/controllers/SiteController.php(30): CWebUser->__get('usertype')
#2 /srv/www/htdocs/yii/framework/web/actions/CInlineAction.php(49): SiteController->actionIndex()
#3 /srv/www/htdocs/yii/framework/web/CController.php(308): CInlineAction->runWithParams(Array)
#4 /srv/www/htdocs/yii/framework/web/CController.php(286): CController->runAction(Object(CInlineAction))
#5 /srv/www/htdocs/yii/framework/web/CController.php(265): CController->runActionWithFilters(Object(CInlineAction), Array)
#6 /srv/www/htdocs/yii/framework/web/CWebApplication.php(282): CController->run('')
#7 /srv/www/htdocs/yii/framework/web/CWebApplication.php(141): CWebApplication->runController('')
#8 /srv/www/htdocs/yii/framework/base/CApplication.php(184): CWebApplication->processRequest()
#9 /srv/www/htdocs/sales/index.php(13): CApplication->run()
#10 {main}
REQUEST_URI=/sales/
---
2015/05/14 22:23:14 [error] [exception.CException] exception 'CException' with message 'Property "CWebUser.usertype" is not defined.' in /srv/www/htdocs/yii/framework/base/CComponent.php:130
Stack trace:
#0 /srv/www/htdocs/yii/framework/web/auth/CWebUser.php(146): CComponent->__get('usertype')
#1 /srv/www/htdocs/sales/protected/controllers/SiteController.php(30): CWebUser->__get('usertype')
#2 /srv/www/htdocs/yii/framework/web/actions/CInlineAction.php(49): SiteController->actionIndex()
#3 /srv/www/htdocs/yii/framework/web/CController.php(308): CInlineAction->runWithParams(Array)
#4 /srv/www/htdocs/yii/framework/web/CController.php(286): CController->runAction(Object(CInlineAction))
#5 /srv/www/htdocs/yii/framework/web/CController.php(265): CController->runActionWithFilters(Object(CInlineAction), Array)
#6 /srv/www/htdocs/yii/framework/web/CWebApplication.php(282): CController->run('')
#7 /srv/www/htdocs/yii/framework/web/CWebApplication.php(141): CWebApplication->runController('')
#8 /srv/www/htdocs/yii/framework/base/CApplication.php(184): CWebApplication->processRequest()
#9 /srv/www/htdocs/sales/index.php(13): CApplication->run()
#10 {main}
REQUEST_URI=/sales/
---
2015/05/14 22:23:14 [error] [exception.CException] exception 'CException' with message 'Property "CWebUser.usertype" is not defined.' in /srv/www/htdocs/yii/framework/base/CComponent.php:130
Stack trace:
#0 /srv/www/htdocs/yii/framework/web/auth/CWebUser.php(146): CComponent->__get('usertype')
#1 /srv/www/htdocs/sales/protected/controllers/SiteController.php(30): CWebUser->__get('usertype')
#2 /srv/www/htdocs/yii/framework/web/actions/CInlineAction.php(49): SiteController->actionIndex()
#3 /srv/www/htdocs/yii/framework/web/CController.php(308): CInlineAction->runWithParams(Array)
#4 /srv/www/htdocs/yii/framework/web/CController.php(286): CController->runAction(Object(CInlineAction))
#5 /srv/www/htdocs/yii/framework/web/CController.php(265): CController->runActionWithFilters(Object(CInlineAction), Array)
#6 /srv/www/htdocs/yii/framework/web/CWebApplication.php(282): CController->run('')
#7 /srv/www/htdocs/yii/framework/web/CWebApplication.php(141): CWebApplication->runController('')
#8 /srv/www/htdocs/yii/framework/base/CApplication.php(184): CWebApplication->processRequest()
#9 /srv/www/htdocs/sales/index.php(13): CApplication->run()
#10 {main}
REQUEST_URI=/sales/
---
2015/05/14 22:23:14 [error] [exception.CException] exception 'CException' with message 'Property "CWebUser.usertype" is not defined.' in /srv/www/htdocs/yii/framework/base/CComponent.php:130
Stack trace:
#0 /srv/www/htdocs/yii/framework/web/auth/CWebUser.php(146): CComponent->__get('usertype')
#1 /srv/www/htdocs/sales/protected/controllers/SiteController.php(30): CWebUser->__get('usertype')
#2 /srv/www/htdocs/yii/framework/web/actions/CInlineAction.php(49): SiteController->actionIndex()
#3 /srv/www/htdocs/yii/framework/web/CController.php(308): CInlineAction->runWithParams(Array)
#4 /srv/www/htdocs/yii/framework/web/CController.php(286): CController->runAction(Object(CInlineAction))
#5 /srv/www/htdocs/yii/framework/web/CController.php(265): CController->runActionWithFilters(Object(CInlineAction), Array)
#6 /srv/www/htdocs/yii/framework/web/CWebApplication.php(282): CController->run('')
#7 /srv/www/htdocs/yii/framework/web/CWebApplication.php(141): CWebApplication->runController('')
#8 /srv/www/htdocs/yii/framework/base/CApplication.php(184): CWebApplication->processRequest()
#9 /srv/www/htdocs/sales/index.php(13): CApplication->run()
#10 {main}
REQUEST_URI=/sales/
---
2015/05/14 22:23:14 [error] [exception.CException] exception 'CException' with message 'Property "CWebUser.usertype" is not defined.' in /srv/www/htdocs/yii/framework/base/CComponent.php:130
Stack trace:
#0 /srv/www/htdocs/yii/framework/web/auth/CWebUser.php(146): CComponent->__get('usertype')
#1 /srv/www/htdocs/sales/protected/controllers/SiteController.php(30): CWebUser->__get('usertype')
#2 /srv/www/htdocs/yii/framework/web/actions/CInlineAction.php(49): SiteController->actionIndex()
#3 /srv/www/htdocs/yii/framework/web/CController.php(308): CInlineAction->runWithParams(Array)
#4 /srv/www/htdocs/yii/framework/web/CController.php(286): CController->runAction(Object(CInlineAction))
#5 /srv/www/htdocs/yii/framework/web/CController.php(265): CController->runActionWithFilters(Object(CInlineAction), Array)
#6 /srv/www/htdocs/yii/framework/web/CWebApplication.php(282): CController->run('')
#7 /srv/www/htdocs/yii/framework/web/CWebApplication.php(141): CWebApplication->runController('')
#8 /srv/www/htdocs/yii/framework/base/CApplication.php(184): CWebApplication->processRequest()
#9 /srv/www/htdocs/sales/index.php(13): CApplication->run()
#10 {main}
REQUEST_URI=/sales/
---
2015/05/14 22:23:15 [error] [exception.CException] exception 'CException' with message 'Property "CWebUser.usertype" is not defined.' in /srv/www/htdocs/yii/framework/base/CComponent.php:130
Stack trace:
#0 /srv/www/htdocs/yii/framework/web/auth/CWebUser.php(146): CComponent->__get('usertype')
#1 /srv/www/htdocs/sales/protected/controllers/SiteController.php(30): CWebUser->__get('usertype')
#2 /srv/www/htdocs/yii/framework/web/actions/CInlineAction.php(49): SiteController->actionIndex()
#3 /srv/www/htdocs/yii/framework/web/CController.php(308): CInlineAction->runWithParams(Array)
#4 /srv/www/htdocs/yii/framework/web/CController.php(286): CController->runAction(Object(CInlineAction))
#5 /srv/www/htdocs/yii/framework/web/CController.php(265): CController->runActionWithFilters(Object(CInlineAction), Array)
#6 /srv/www/htdocs/yii/framework/web/CWebApplication.php(282): CController->run('')
#7 /srv/www/htdocs/yii/framework/web/CWebApplication.php(141): CWebApplication->runController('')
#8 /srv/www/htdocs/yii/framework/base/CApplication.php(184): CWebApplication->processRequest()
#9 /srv/www/htdocs/sales/index.php(13): CApplication->run()
#10 {main}
REQUEST_URI=/sales/
---
2015/05/14 22:23:15 [error] [exception.CException] exception 'CException' with message 'Property "CWebUser.usertype" is not defined.' in /srv/www/htdocs/yii/framework/base/CComponent.php:130
Stack trace:
#0 /srv/www/htdocs/yii/framework/web/auth/CWebUser.php(146): CComponent->__get('usertype')
#1 /srv/www/htdocs/sales/protected/controllers/SiteController.php(30): CWebUser->__get('usertype')
#2 /srv/www/htdocs/yii/framework/web/actions/CInlineAction.php(49): SiteController->actionIndex()
#3 /srv/www/htdocs/yii/framework/web/CController.php(308): CInlineAction->runWithParams(Array)
#4 /srv/www/htdocs/yii/framework/web/CController.php(286): CController->runAction(Object(CInlineAction))
#5 /srv/www/htdocs/yii/framework/web/CController.php(265): CController->runActionWithFilters(Object(CInlineAction), Array)
#6 /srv/www/htdocs/yii/framework/web/CWebApplication.php(282): CController->run('')
#7 /srv/www/htdocs/yii/framework/web/CWebApplication.php(141): CWebApplication->runController('')
#8 /srv/www/htdocs/yii/framework/base/CApplication.php(184): CWebApplication->processRequest()
#9 /srv/www/htdocs/sales/index.php(13): CApplication->run()
#10 {main}
REQUEST_URI=/sales/
---
2015/05/14 22:23:15 [error] [exception.CException] exception 'CException' with message 'Property "CWebUser.usertype" is not defined.' in /srv/www/htdocs/yii/framework/base/CComponent.php:130
Stack trace:
#0 /srv/www/htdocs/yii/framework/web/auth/CWebUser.php(146): CComponent->__get('usertype')
#1 /srv/www/htdocs/sales/protected/controllers/SiteController.php(30): CWebUser->__get('usertype')
#2 /srv/www/htdocs/yii/framework/web/actions/CInlineAction.php(49): SiteController->actionIndex()
#3 /srv/www/htdocs/yii/framework/web/CController.php(308): CInlineAction->runWithParams(Array)
#4 /srv/www/htdocs/yii/framework/web/CController.php(286): CController->runAction(Object(CInlineAction))
#5 /srv/www/htdocs/yii/framework/web/CController.php(265): CController->runActionWithFilters(Object(CInlineAction), Array)
#6 /srv/www/htdocs/yii/framework/web/CWebApplication.php(282): CController->run('')
#7 /srv/www/htdocs/yii/framework/web/CWebApplication.php(141): CWebApplication->runController('')
#8 /srv/www/htdocs/yii/framework/base/CApplication.php(184): CWebApplication->processRequest()
#9 /srv/www/htdocs/sales/index.php(13): CApplication->run()
#10 {main}
REQUEST_URI=/sales/
---
2015/05/14 22:23:15 [error] [exception.CException] exception 'CException' with message 'Property "CWebUser.usertype" is not defined.' in /srv/www/htdocs/yii/framework/base/CComponent.php:130
Stack trace:
#0 /srv/www/htdocs/yii/framework/web/auth/CWebUser.php(146): CComponent->__get('usertype')
#1 /srv/www/htdocs/sales/protected/controllers/SiteController.php(30): CWebUser->__get('usertype')
#2 /srv/www/htdocs/yii/framework/web/actions/CInlineAction.php(49): SiteController->actionIndex()
#3 /srv/www/htdocs/yii/framework/web/CController.php(308): CInlineAction->runWithParams(Array)
#4 /srv/www/htdocs/yii/framework/web/CController.php(286): CController->runAction(Object(CInlineAction))
#5 /srv/www/htdocs/yii/framework/web/CController.php(265): CController->runActionWithFilters(Object(CInlineAction), Array)
#6 /srv/www/htdocs/yii/framework/web/CWebApplication.php(282): CController->run('')
#7 /srv/www/htdocs/yii/framework/web/CWebApplication.php(141): CWebApplication->runController('')
#8 /srv/www/htdocs/yii/framework/base/CApplication.php(184): CWebApplication->processRequest()
#9 /srv/www/htdocs/sales/index.php(13): CApplication->run()
#10 {main}
REQUEST_URI=/sales/
---
2015/05/14 22:23:16 [error] [exception.CException] exception 'CException' with message 'Property "CWebUser.usertype" is not defined.' in /srv/www/htdocs/yii/framework/base/CComponent.php:130
Stack trace:
#0 /srv/www/htdocs/yii/framework/web/auth/CWebUser.php(146): CComponent->__get('usertype')
#1 /srv/www/htdocs/sales/protected/controllers/SiteController.php(30): CWebUser->__get('usertype')
#2 /srv/www/htdocs/yii/framework/web/actions/CInlineAction.php(49): SiteController->actionIndex()
#3 /srv/www/htdocs/yii/framework/web/CController.php(308): CInlineAction->runWithParams(Array)
#4 /srv/www/htdocs/yii/framework/web/CController.php(286): CController->runAction(Object(CInlineAction))
#5 /srv/www/htdocs/yii/framework/web/CController.php(265): CController->runActionWithFilters(Object(CInlineAction), Array)
#6 /srv/www/htdocs/yii/framework/web/CWebApplication.php(282): CController->run('')
#7 /srv/www/htdocs/yii/framework/web/CWebApplication.php(141): CWebApplication->runController('')
#8 /srv/www/htdocs/yii/framework/base/CApplication.php(184): CWebApplication->processRequest()
#9 /srv/www/htdocs/sales/index.php(13): CApplication->run()
#10 {main}
REQUEST_URI=/sales/
---
2015/05/18 14:35:07 [error] [exception.CHttpException.404] exception 'CHttpException' with message 'Unable to resolve the request "default/index".' in /srv/www/htdocs/yii/framework/web/CWebApplication.php:286
Stack trace:
#0 /srv/www/htdocs/yii/framework/web/CWebApplication.php(141): CWebApplication->runController('default/index')
#1 /srv/www/htdocs/yii/framework/base/CApplication.php(184): CWebApplication->processRequest()
#2 /srv/www/htdocs/sales/index.php(13): CApplication->run()
#3 {main}
REQUEST_URI=/sales/index.php?r=default/index
HTTP_REFERER=http://localhost/sales/index.php?r=site/login
---
2015/05/18 14:35:51 [error] [exception.CHttpException.404] exception 'CHttpException' with message 'Unable to resolve the request "default/index".' in /srv/www/htdocs/yii/framework/web/CWebApplication.php:286
Stack trace:
#0 /srv/www/htdocs/yii/framework/web/CWebApplication.php(141): CWebApplication->runController('default/index')
#1 /srv/www/htdocs/yii/framework/base/CApplication.php(184): CWebApplication->processRequest()
#2 /srv/www/htdocs/sales/index.php(13): CApplication->run()
#3 {main}
REQUEST_URI=/sales/index.php?r=default/index
HTTP_REFERER=http://localhost/sales/index.php?r=site/login
---
2015/05/18 14:36:46 [error] [exception.CHttpException.404] exception 'CHttpException' with message 'Unable to resolve the request "default/index".' in /srv/www/htdocs/yii/framework/web/CWebApplication.php:286
Stack trace:
#0 /srv/www/htdocs/yii/framework/web/CWebApplication.php(141): CWebApplication->runController('default/index')
#1 /srv/www/htdocs/yii/framework/base/CApplication.php(184): CWebApplication->processRequest()
#2 /srv/www/htdocs/sales/index.php(13): CApplication->run()
#3 {main}
REQUEST_URI=/sales/index.php?r=default/index
HTTP_REFERER=http://localhost/sales/index.php?r=site/login
---
2015/05/18 14:42:40 [error] [system.db.CDbCommand] CDbCommand::fetchAll() failed: SQLSTATE[42S02]: Base table or view not found: 1146 Table 'portosales.Default' doesn't exist. The SQL statement executed was: SHOW FULL COLUMNS FROM `Default`.
in /srv/www/htdocs/sales/index.php (13)
2015/05/18 14:44:18 [error] [system.db.CDbCommand] CDbCommand::fetchAll() failed: SQLSTATE[42S02]: Base table or view not found: 1146 Table 'portosales.Default' doesn't exist. The SQL statement executed was: SHOW FULL COLUMNS FROM `Default`.
in /srv/www/htdocs/sales/index.php (13)
2015/05/18 14:47:09 [error] [system.db.CDbCommand] CDbCommand::fetchAll() failed: SQLSTATE[42S02]: Base table or view not found: 1146 Table 'portosales.Default' doesn't exist. The SQL statement executed was: SHOW FULL COLUMNS FROM `Default`.
in /srv/www/htdocs/sales/index.php (13)
2015/05/18 14:47:24 [error] [system.db.CDbCommand] CDbCommand::fetchAll() failed: SQLSTATE[42S02]: Base table or view not found: 1146 Table 'portosales.Default' doesn't exist. The SQL statement executed was: SHOW FULL COLUMNS FROM `Default`.
in /srv/www/htdocs/sales/index.php (13)
2015/05/18 14:47:28 [error] [system.db.CDbCommand] CDbCommand::fetchAll() failed: SQLSTATE[42S02]: Base table or view not found: 1146 Table 'portosales.Default' doesn't exist. The SQL statement executed was: SHOW FULL COLUMNS FROM `Default`.
in /srv/www/htdocs/sales/index.php (13)
2015/05/18 14:47:50 [error] [system.db.CDbCommand] CDbCommand::fetchAll() failed: SQLSTATE[42S02]: Base table or view not found: 1146 Table 'portosales.Default' doesn't exist. The SQL statement executed was: SHOW FULL COLUMNS FROM `Default`.
in /srv/www/htdocs/sales/index.php (13)
2015/05/18 14:47:53 [error] [system.db.CDbCommand] CDbCommand::fetchAll() failed: SQLSTATE[42S02]: Base table or view not found: 1146 Table 'portosales.Default' doesn't exist. The SQL statement executed was: SHOW FULL COLUMNS FROM `Default`.
in /srv/www/htdocs/sales/index.php (13)
2015/05/18 14:47:56 [error] [system.db.CDbCommand] CDbCommand::fetchAll() failed: SQLSTATE[42S02]: Base table or view not found: 1146 Table 'portosales.Default' doesn't exist. The SQL statement executed was: SHOW FULL COLUMNS FROM `Default`.
in /srv/www/htdocs/sales/index.php (13)
2015/05/18 14:55:59 [error] [php] Undefined variable: model (/srv/www/htdocs/sales/protected/views/layouts/main.php:54)
Stack trace:
#0 /srv/www/htdocs/yii/framework/web/widgets/CContentDecorator.php(76): SiteController->renderFile()
#1 /srv/www/htdocs/yii/framework/web/widgets/CContentDecorator.php(54): CContentDecorator->decorate()
#2 /srv/www/htdocs/yii/framework/web/widgets/COutputProcessor.php(44): CContentDecorator->processOutput()
#3 /srv/www/htdocs/yii/framework/web/CBaseController.php(214): CContentDecorator->run()
#4 /srv/www/htdocs/yii/framework/web/CBaseController.php(308): SiteController->endWidget()
#5 /srv/www/htdocs/sales/protected/views/layouts/column1.php(6): SiteController->endContent()
#6 /srv/www/htdocs/yii/framework/web/CBaseController.php(126): require()
#7 /srv/www/htdocs/yii/framework/web/CBaseController.php(95): SiteController->renderInternal()
#8 /srv/www/htdocs/yii/framework/web/CController.php(784): SiteController->renderFile()
#9 /srv/www/htdocs/sales/protected/controllers/SiteController.php(133): SiteController->render()
#10 /srv/www/htdocs/yii/framework/web/actions/CInlineAction.php(49): SiteController->actionLogin()
#11 /srv/www/htdocs/yii/framework/web/CController.php(308): CInlineAction->runWithParams()
#12 /srv/www/htdocs/yii/framework/web/filters/CFilterChain.php(133): SiteController->runAction()
#13 /srv/www/htdocs/yii/framework/web/filters/CFilter.php(40): CFilterChain->run()
#14 /srv/www/htdocs/yii/framework/web/CController.php(1145): CAccessControlFilter->filter()
#15 /srv/www/htdocs/yii/framework/web/filters/CInlineFilter.php(58): SiteController->filterAccessControl()
#16 /srv/www/htdocs/yii/framework/web/filters/CFilterChain.php(130): CInlineFilter->filter()
#17 /srv/www/htdocs/yii/framework/web/CController.php(291): CFilterChain->run()
#18 /srv/www/htdocs/yii/framework/web/CController.php(265): SiteController->runActionWithFilters()
#19 /srv/www/htdocs/yii/framework/web/CWebApplication.php(282): SiteController->run()
#20 /srv/www/htdocs/yii/framework/web/CWebApplication.php(141): CWebApplication->runController()
#21 /srv/www/htdocs/yii/framework/base/CApplication.php(184): CWebApplication->processRequest()
#22 /srv/www/htdocs/sales/index.php(13): CWebApplication->run()
REQUEST_URI=/sales/index.php?r=site/login
in /srv/www/htdocs/sales/protected/views/layouts/main.php (54)
in /srv/www/htdocs/sales/protected/views/layouts/column1.php (6)
in /srv/www/htdocs/sales/protected/controllers/SiteController.php (133)
2015/05/18 14:56:02 [error] [php] Undefined variable: model (/srv/www/htdocs/sales/protected/views/layouts/main.php:54)
Stack trace:
#0 /srv/www/htdocs/yii/framework/web/widgets/CContentDecorator.php(76): SiteController->renderFile()
#1 /srv/www/htdocs/yii/framework/web/widgets/CContentDecorator.php(54): CContentDecorator->decorate()
#2 /srv/www/htdocs/yii/framework/web/widgets/COutputProcessor.php(44): CContentDecorator->processOutput()
#3 /srv/www/htdocs/yii/framework/web/CBaseController.php(214): CContentDecorator->run()
#4 /srv/www/htdocs/yii/framework/web/CBaseController.php(308): SiteController->endWidget()
#5 /srv/www/htdocs/sales/protected/views/layouts/column1.php(6): SiteController->endContent()
#6 /srv/www/htdocs/yii/framework/web/CBaseController.php(126): require()
#7 /srv/www/htdocs/yii/framework/web/CBaseController.php(95): SiteController->renderInternal()
#8 /srv/www/htdocs/yii/framework/web/CController.php(784): SiteController->renderFile()
#9 /srv/www/htdocs/sales/protected/controllers/SiteController.php(133): SiteController->render()
#10 /srv/www/htdocs/yii/framework/web/actions/CInlineAction.php(49): SiteController->actionLogin()
#11 /srv/www/htdocs/yii/framework/web/CController.php(308): CInlineAction->runWithParams()
#12 /srv/www/htdocs/yii/framework/web/filters/CFilterChain.php(133): SiteController->runAction()
#13 /srv/www/htdocs/yii/framework/web/filters/CFilter.php(40): CFilterChain->run()
#14 /srv/www/htdocs/yii/framework/web/CController.php(1145): CAccessControlFilter->filter()
#15 /srv/www/htdocs/yii/framework/web/filters/CInlineFilter.php(58): SiteController->filterAccessControl()
#16 /srv/www/htdocs/yii/framework/web/filters/CFilterChain.php(130): CInlineFilter->filter()
#17 /srv/www/htdocs/yii/framework/web/CController.php(291): CFilterChain->run()
#18 /srv/www/htdocs/yii/framework/web/CController.php(265): SiteController->runActionWithFilters()
#19 /srv/www/htdocs/yii/framework/web/CWebApplication.php(282): SiteController->run()
#20 /srv/www/htdocs/yii/framework/web/CWebApplication.php(141): CWebApplication->runController()
#21 /srv/www/htdocs/yii/framework/base/CApplication.php(184): CWebApplication->processRequest()
#22 /srv/www/htdocs/sales/index.php(13): CWebApplication->run()
REQUEST_URI=/sales/index.php?r=site/login
in /srv/www/htdocs/sales/protected/views/layouts/main.php (54)
in /srv/www/htdocs/sales/protected/views/layouts/column1.php (6)
in /srv/www/htdocs/sales/protected/controllers/SiteController.php (133)
2015/05/18 14:56:03 [error] [php] Undefined variable: model (/srv/www/htdocs/sales/protected/views/layouts/main.php:54)
Stack trace:
#0 /srv/www/htdocs/yii/framework/web/widgets/CContentDecorator.php(76): SiteController->renderFile()
#1 /srv/www/htdocs/yii/framework/web/widgets/CContentDecorator.php(54): CContentDecorator->decorate()
#2 /srv/www/htdocs/yii/framework/web/widgets/COutputProcessor.php(44): CContentDecorator->processOutput()
#3 /srv/www/htdocs/yii/framework/web/CBaseController.php(214): CContentDecorator->run()
#4 /srv/www/htdocs/yii/framework/web/CBaseController.php(308): SiteController->endWidget()
#5 /srv/www/htdocs/sales/protected/views/layouts/column1.php(6): SiteController->endContent()
#6 /srv/www/htdocs/yii/framework/web/CBaseController.php(126): require()
#7 /srv/www/htdocs/yii/framework/web/CBaseController.php(95): SiteController->renderInternal()
#8 /srv/www/htdocs/yii/framework/web/CController.php(784): SiteController->renderFile()
#9 /srv/www/htdocs/sales/protected/controllers/SiteController.php(133): SiteController->render()
#10 /srv/www/htdocs/yii/framework/web/actions/CInlineAction.php(49): SiteController->actionLogin()
#11 /srv/www/htdocs/yii/framework/web/CController.php(308): CInlineAction->runWithParams()
#12 /srv/www/htdocs/yii/framework/web/filters/CFilterChain.php(133): SiteController->runAction()
#13 /srv/www/htdocs/yii/framework/web/filters/CFilter.php(40): CFilterChain->run()
#14 /srv/www/htdocs/yii/framework/web/CController.php(1145): CAccessControlFilter->filter()
#15 /srv/www/htdocs/yii/framework/web/filters/CInlineFilter.php(58): SiteController->filterAccessControl()
#16 /srv/www/htdocs/yii/framework/web/filters/CFilterChain.php(130): CInlineFilter->filter()
#17 /srv/www/htdocs/yii/framework/web/CController.php(291): CFilterChain->run()
#18 /srv/www/htdocs/yii/framework/web/CController.php(265): SiteController->runActionWithFilters()
#19 /srv/www/htdocs/yii/framework/web/CWebApplication.php(282): SiteController->run()
#20 /srv/www/htdocs/yii/framework/web/CWebApplication.php(141): CWebApplication->runController()
#21 /srv/www/htdocs/yii/framework/base/CApplication.php(184): CWebApplication->processRequest()
#22 /srv/www/htdocs/sales/index.php(13): CWebApplication->run()
REQUEST_URI=/sales/index.php?r=site/login
in /srv/www/htdocs/sales/protected/views/layouts/main.php (54)
in /srv/www/htdocs/sales/protected/views/layouts/column1.php (6)
in /srv/www/htdocs/sales/protected/controllers/SiteController.php (133)
2015/05/18 14:56:33 [error] [php] Undefined variable: model (/srv/www/htdocs/sales/protected/views/layouts/main.php:54)
Stack trace:
#0 /srv/www/htdocs/yii/framework/web/widgets/CContentDecorator.php(76): SiteController->renderFile()
#1 /srv/www/htdocs/yii/framework/web/widgets/CContentDecorator.php(54): CContentDecorator->decorate()
#2 /srv/www/htdocs/yii/framework/web/widgets/COutputProcessor.php(44): CContentDecorator->processOutput()
#3 /srv/www/htdocs/yii/framework/web/CBaseController.php(214): CContentDecorator->run()
#4 /srv/www/htdocs/yii/framework/web/CBaseController.php(308): SiteController->endWidget()
#5 /srv/www/htdocs/sales/protected/views/layouts/column1.php(6): SiteController->endContent()
#6 /srv/www/htdocs/yii/framework/web/CBaseController.php(126): require()
#7 /srv/www/htdocs/yii/framework/web/CBaseController.php(95): SiteController->renderInternal()
#8 /srv/www/htdocs/yii/framework/web/CController.php(784): SiteController->renderFile()
#9 /srv/www/htdocs/sales/protected/controllers/SiteController.php(133): SiteController->render()
#10 /srv/www/htdocs/yii/framework/web/actions/CInlineAction.php(49): SiteController->actionLogin()
#11 /srv/www/htdocs/yii/framework/web/CController.php(308): CInlineAction->runWithParams()
#12 /srv/www/htdocs/yii/framework/web/filters/CFilterChain.php(133): SiteController->runAction()
#13 /srv/www/htdocs/yii/framework/web/filters/CFilter.php(40): CFilterChain->run()
#14 /srv/www/htdocs/yii/framework/web/CController.php(1145): CAccessControlFilter->filter()
#15 /srv/www/htdocs/yii/framework/web/filters/CInlineFilter.php(58): SiteController->filterAccessControl()
#16 /srv/www/htdocs/yii/framework/web/filters/CFilterChain.php(130): CInlineFilter->filter()
#17 /srv/www/htdocs/yii/framework/web/CController.php(291): CFilterChain->run()
#18 /srv/www/htdocs/yii/framework/web/CController.php(265): SiteController->runActionWithFilters()
#19 /srv/www/htdocs/yii/framework/web/CWebApplication.php(282): SiteController->run()
#20 /srv/www/htdocs/yii/framework/web/CWebApplication.php(141): CWebApplication->runController()
#21 /srv/www/htdocs/yii/framework/base/CApplication.php(184): CWebApplication->processRequest()
#22 /srv/www/htdocs/sales/index.php(13): CWebApplication->run()
REQUEST_URI=/sales/index.php?r=site/login
in /srv/www/htdocs/sales/protected/views/layouts/main.php (54)
in /srv/www/htdocs/sales/protected/views/layouts/column1.php (6)
in /srv/www/htdocs/sales/protected/controllers/SiteController.php (133)
2015/05/18 14:56:34 [error] [php] Undefined variable: model (/srv/www/htdocs/sales/protected/views/layouts/main.php:54)
Stack trace:
#0 /srv/www/htdocs/yii/framework/web/widgets/CContentDecorator.php(76): SiteController->renderFile()
#1 /srv/www/htdocs/yii/framework/web/widgets/CContentDecorator.php(54): CContentDecorator->decorate()
#2 /srv/www/htdocs/yii/framework/web/widgets/COutputProcessor.php(44): CContentDecorator->processOutput()
#3 /srv/www/htdocs/yii/framework/web/CBaseController.php(214): CContentDecorator->run()
#4 /srv/www/htdocs/yii/framework/web/CBaseController.php(308): SiteController->endWidget()
#5 /srv/www/htdocs/sales/protected/views/layouts/column1.php(6): SiteController->endContent()
#6 /srv/www/htdocs/yii/framework/web/CBaseController.php(126): require()
#7 /srv/www/htdocs/yii/framework/web/CBaseController.php(95): SiteController->renderInternal()
#8 /srv/www/htdocs/yii/framework/web/CController.php(784): SiteController->renderFile()
#9 /srv/www/htdocs/sales/protected/controllers/SiteController.php(133): SiteController->render()
#10 /srv/www/htdocs/yii/framework/web/actions/CInlineAction.php(49): SiteController->actionLogin()
#11 /srv/www/htdocs/yii/framework/web/CController.php(308): CInlineAction->runWithParams()
#12 /srv/www/htdocs/yii/framework/web/filters/CFilterChain.php(133): SiteController->runAction()
#13 /srv/www/htdocs/yii/framework/web/filters/CFilter.php(40): CFilterChain->run()
#14 /srv/www/htdocs/yii/framework/web/CController.php(1145): CAccessControlFilter->filter()
#15 /srv/www/htdocs/yii/framework/web/filters/CInlineFilter.php(58): SiteController->filterAccessControl()
#16 /srv/www/htdocs/yii/framework/web/filters/CFilterChain.php(130): CInlineFilter->filter()
#17 /srv/www/htdocs/yii/framework/web/CController.php(291): CFilterChain->run()
#18 /srv/www/htdocs/yii/framework/web/CController.php(265): SiteController->runActionWithFilters()
#19 /srv/www/htdocs/yii/framework/web/CWebApplication.php(282): SiteController->run()
#20 /srv/www/htdocs/yii/framework/web/CWebApplication.php(141): CWebApplication->runController()
#21 /srv/www/htdocs/yii/framework/base/CApplication.php(184): CWebApplication->processRequest()
#22 /srv/www/htdocs/sales/index.php(13): CWebApplication->run()
REQUEST_URI=/sales/index.php?r=site/login
in /srv/www/htdocs/sales/protected/views/layouts/main.php (54)
in /srv/www/htdocs/sales/protected/views/layouts/column1.php (6)
in /srv/www/htdocs/sales/protected/controllers/SiteController.php (133)
2015/05/18 16:25:50 [error] [exception.CException] exception 'CException' with message 'Property "CWebUser.companydsc" is not defined.' in /srv/www/htdocs/yii/framework/base/CComponent.php:130
Stack trace:
#0 /srv/www/htdocs/yii/framework/web/auth/CWebUser.php(146): CComponent->__get('companydsc')
#1 /srv/www/htdocs/sales/protected/views/default/index.php(47): CWebUser->__get('companydsc')
#2 /srv/www/htdocs/yii/framework/web/CBaseController.php(126): require('/srv/www/htdocs...')
#3 /srv/www/htdocs/yii/framework/web/CBaseController.php(95): CBaseController->renderInternal('/srv/www/htdocs...', NULL, true)
#4 /srv/www/htdocs/yii/framework/web/CController.php(869): CBaseController->renderFile('/srv/www/htdocs...', NULL, true)
#5 /srv/www/htdocs/yii/framework/web/CController.php(782): CController->renderPartial('index', NULL, true)
#6 /srv/www/htdocs/sales/protected/controllers/DefaultController.php(7): CController->render('index')
#7 /srv/www/htdocs/yii/framework/web/actions/CInlineAction.php(49): DefaultController->actionIndex()
#8 /srv/www/htdocs/yii/framework/web/CController.php(308): CInlineAction->runWithParams(Array)
#9 /srv/www/htdocs/yii/framework/web/CController.php(286): CController->runAction(Object(CInlineAction))
#10 /srv/www/htdocs/yii/framework/web/CController.php(265): CController->runActionWithFilters(Object(CInlineAction), Array)
#11 /srv/www/htdocs/yii/framework/web/CWebApplication.php(282): CController->run('index')
#12 /srv/www/htdocs/yii/framework/web/CWebApplication.php(141): CWebApplication->runController('default/index')
#13 /srv/www/htdocs/yii/framework/base/CApplication.php(184): CWebApplication->processRequest()
#14 /srv/www/htdocs/sales/index.php(13): CApplication->run()
#15 {main}
REQUEST_URI=/sales/index.php?r=default/index
---
2015/05/18 16:25:52 [error] [exception.CException] exception 'CException' with message 'Property "CWebUser.companydsc" is not defined.' in /srv/www/htdocs/yii/framework/base/CComponent.php:130
Stack trace:
#0 /srv/www/htdocs/yii/framework/web/auth/CWebUser.php(146): CComponent->__get('companydsc')
#1 /srv/www/htdocs/sales/protected/views/default/index.php(47): CWebUser->__get('companydsc')
#2 /srv/www/htdocs/yii/framework/web/CBaseController.php(126): require('/srv/www/htdocs...')
#3 /srv/www/htdocs/yii/framework/web/CBaseController.php(95): CBaseController->renderInternal('/srv/www/htdocs...', NULL, true)
#4 /srv/www/htdocs/yii/framework/web/CController.php(869): CBaseController->renderFile('/srv/www/htdocs...', NULL, true)
#5 /srv/www/htdocs/yii/framework/web/CController.php(782): CController->renderPartial('index', NULL, true)
#6 /srv/www/htdocs/sales/protected/controllers/DefaultController.php(7): CController->render('index')
#7 /srv/www/htdocs/yii/framework/web/actions/CInlineAction.php(49): DefaultController->actionIndex()
#8 /srv/www/htdocs/yii/framework/web/CController.php(308): CInlineAction->runWithParams(Array)
#9 /srv/www/htdocs/yii/framework/web/CController.php(286): CController->runAction(Object(CInlineAction))
#10 /srv/www/htdocs/yii/framework/web/CController.php(265): CController->runActionWithFilters(Object(CInlineAction), Array)
#11 /srv/www/htdocs/yii/framework/web/CWebApplication.php(282): CController->run('index')
#12 /srv/www/htdocs/yii/framework/web/CWebApplication.php(141): CWebApplication->runController('default/index')
#13 /srv/www/htdocs/yii/framework/base/CApplication.php(184): CWebApplication->processRequest()
#14 /srv/www/htdocs/sales/index.php(13): CApplication->run()
#15 {main}
REQUEST_URI=/sales/index.php?r=default/index
---
2015/05/18 16:25:55 [error] [exception.CException] exception 'CException' with message 'Property "CWebUser.companydsc" is not defined.' in /srv/www/htdocs/yii/framework/base/CComponent.php:130
Stack trace:
#0 /srv/www/htdocs/yii/framework/web/auth/CWebUser.php(146): CComponent->__get('companydsc')
#1 /srv/www/htdocs/sales/protected/views/default/index.php(47): CWebUser->__get('companydsc')
#2 /srv/www/htdocs/yii/framework/web/CBaseController.php(126): require('/srv/www/htdocs...')
#3 /srv/www/htdocs/yii/framework/web/CBaseController.php(95): CBaseController->renderInternal('/srv/www/htdocs...', NULL, true)
#4 /srv/www/htdocs/yii/framework/web/CController.php(869): CBaseController->renderFile('/srv/www/htdocs...', NULL, true)
#5 /srv/www/htdocs/yii/framework/web/CController.php(782): CController->renderPartial('index', NULL, true)
#6 /srv/www/htdocs/sales/protected/controllers/DefaultController.php(7): CController->render('index')
#7 /srv/www/htdocs/yii/framework/web/actions/CInlineAction.php(49): DefaultController->actionIndex()
#8 /srv/www/htdocs/yii/framework/web/CController.php(308): CInlineAction->runWithParams(Array)
#9 /srv/www/htdocs/yii/framework/web/CController.php(286): CController->runAction(Object(CInlineAction))
#10 /srv/www/htdocs/yii/framework/web/CController.php(265): CController->runActionWithFilters(Object(CInlineAction), Array)
#11 /srv/www/htdocs/yii/framework/web/CWebApplication.php(282): CController->run('index')
#12 /srv/www/htdocs/yii/framework/web/CWebApplication.php(141): CWebApplication->runController('default/index')
#13 /srv/www/htdocs/yii/framework/base/CApplication.php(184): CWebApplication->processRequest()
#14 /srv/www/htdocs/sales/index.php(13): CApplication->run()
#15 {main}
REQUEST_URI=/sales/index.php?r=default/index
HTTP_REFERER=http://localhost/sales/index.php?r=site/login
---
2015/05/18 16:25:57 [error] [exception.CException] exception 'CException' with message 'Property "CWebUser.companydsc" is not defined.' in /srv/www/htdocs/yii/framework/base/CComponent.php:130
Stack trace:
#0 /srv/www/htdocs/yii/framework/web/auth/CWebUser.php(146): CComponent->__get('companydsc')
#1 /srv/www/htdocs/sales/protected/views/default/index.php(47): CWebUser->__get('companydsc')
#2 /srv/www/htdocs/yii/framework/web/CBaseController.php(126): require('/srv/www/htdocs...')
#3 /srv/www/htdocs/yii/framework/web/CBaseController.php(95): CBaseController->renderInternal('/srv/www/htdocs...', NULL, true)
#4 /srv/www/htdocs/yii/framework/web/CController.php(869): CBaseController->renderFile('/srv/www/htdocs...', NULL, true)
#5 /srv/www/htdocs/yii/framework/web/CController.php(782): CController->renderPartial('index', NULL, true)
#6 /srv/www/htdocs/sales/protected/controllers/DefaultController.php(7): CController->render('index')
#7 /srv/www/htdocs/yii/framework/web/actions/CInlineAction.php(49): DefaultController->actionIndex()
#8 /srv/www/htdocs/yii/framework/web/CController.php(308): CInlineAction->runWithParams(Array)
#9 /srv/www/htdocs/yii/framework/web/CController.php(286): CController->runAction(Object(CInlineAction))
#10 /srv/www/htdocs/yii/framework/web/CController.php(265): CController->runActionWithFilters(Object(CInlineAction), Array)
#11 /srv/www/htdocs/yii/framework/web/CWebApplication.php(282): CController->run('index')
#12 /srv/www/htdocs/yii/framework/web/CWebApplication.php(141): CWebApplication->runController('default/index')
#13 /srv/www/htdocs/yii/framework/base/CApplication.php(184): CWebApplication->processRequest()
#14 /srv/www/htdocs/sales/index.php(13): CApplication->run()
#15 {main}
REQUEST_URI=/sales/index.php?r=default/index
HTTP_REFERER=http://localhost/sales/index.php?r=site/login
---
2015/05/18 21:34:14 [error] [exception.CException] exception 'CException' with message 'Property "CWebUser.companydsc" is not defined.' in /srv/www/htdocs/yii/framework/base/CComponent.php:130
Stack trace:
#0 /srv/www/htdocs/yii/framework/web/auth/CWebUser.php(146): CComponent->__get('companydsc')
#1 /srv/www/htdocs/sales/protected/views/layouts/main.php(61): CWebUser->__get('companydsc')
#2 /srv/www/htdocs/yii/framework/web/CBaseController.php(126): require('/srv/www/htdocs...')
#3 /srv/www/htdocs/yii/framework/web/CBaseController.php(95): CBaseController->renderInternal('/srv/www/htdocs...', Array, true)
#4 /srv/www/htdocs/yii/framework/web/widgets/CContentDecorator.php(76): CBaseController->renderFile('/srv/www/htdocs...', Array, true)
#5 /srv/www/htdocs/yii/framework/web/widgets/CContentDecorator.php(54): CContentDecorator->decorate('<div id="conten...')
#6 /srv/www/htdocs/yii/framework/web/widgets/COutputProcessor.php(44): CContentDecorator->processOutput('<div id="conten...')
#7 /srv/www/htdocs/yii/framework/web/CBaseController.php(214): COutputProcessor->run()
#8 /srv/www/htdocs/yii/framework/web/CBaseController.php(308): CBaseController->endWidget('CContentDecorat...')
#9 /srv/www/htdocs/sales/protected/views/layouts/column1.php(6): CBaseController->endContent()
#10 /srv/www/htdocs/yii/framework/web/CBaseController.php(126): require('/srv/www/htdocs...')
#11 /srv/www/htdocs/yii/framework/web/CBaseController.php(95): CBaseController->renderInternal('/srv/www/htdocs...', Array, true)
#12 /srv/www/htdocs/yii/framework/web/CController.php(784): CBaseController->renderFile('/srv/www/htdocs...', Array, true)
#13 /srv/www/htdocs/sales/protected/controllers/DefaultController.php(7): CController->render('index')
#14 /srv/www/htdocs/yii/framework/web/actions/CInlineAction.php(49): DefaultController->actionIndex()
#15 /srv/www/htdocs/yii/framework/web/CController.php(308): CInlineAction->runWithParams(Array)
#16 /srv/www/htdocs/yii/framework/web/CController.php(286): CController->runAction(Object(CInlineAction))
#17 /srv/www/htdocs/yii/framework/web/CController.php(265): CController->runActionWithFilters(Object(CInlineAction), Array)
#18 /srv/www/htdocs/yii/framework/web/CWebApplication.php(282): CController->run('index')
#19 /srv/www/htdocs/yii/framework/web/CWebApplication.php(141): CWebApplication->runController('default/index')
#20 /srv/www/htdocs/yii/framework/base/CApplication.php(184): CWebApplication->processRequest()
#21 /srv/www/htdocs/sales/index.php(13): CApplication->run()
#22 {main}
REQUEST_URI=/sales/index.php?r=default/index
HTTP_REFERER=http://localhost/sales/index.php?r=site/login
---
2015/05/18 21:34:16 [error] [exception.CException] exception 'CException' with message 'Property "CWebUser.companydsc" is not defined.' in /srv/www/htdocs/yii/framework/base/CComponent.php:130
Stack trace:
#0 /srv/www/htdocs/yii/framework/web/auth/CWebUser.php(146): CComponent->__get('companydsc')
#1 /srv/www/htdocs/sales/protected/views/layouts/main.php(61): CWebUser->__get('companydsc')
#2 /srv/www/htdocs/yii/framework/web/CBaseController.php(126): require('/srv/www/htdocs...')
#3 /srv/www/htdocs/yii/framework/web/CBaseController.php(95): CBaseController->renderInternal('/srv/www/htdocs...', Array, true)
#4 /srv/www/htdocs/yii/framework/web/widgets/CContentDecorator.php(76): CBaseController->renderFile('/srv/www/htdocs...', Array, true)
#5 /srv/www/htdocs/yii/framework/web/widgets/CContentDecorator.php(54): CContentDecorator->decorate('<div id="conten...')
#6 /srv/www/htdocs/yii/framework/web/widgets/COutputProcessor.php(44): CContentDecorator->processOutput('<div id="conten...')
#7 /srv/www/htdocs/yii/framework/web/CBaseController.php(214): COutputProcessor->run()
#8 /srv/www/htdocs/yii/framework/web/CBaseController.php(308): CBaseController->endWidget('CContentDecorat...')
#9 /srv/www/htdocs/sales/protected/views/layouts/column1.php(6): CBaseController->endContent()
#10 /srv/www/htdocs/yii/framework/web/CBaseController.php(126): require('/srv/www/htdocs...')
#11 /srv/www/htdocs/yii/framework/web/CBaseController.php(95): CBaseController->renderInternal('/srv/www/htdocs...', Array, true)
#12 /srv/www/htdocs/yii/framework/web/CController.php(784): CBaseController->renderFile('/srv/www/htdocs...', Array, true)
#13 /srv/www/htdocs/sales/protected/controllers/DefaultController.php(7): CController->render('index')
#14 /srv/www/htdocs/yii/framework/web/actions/CInlineAction.php(49): DefaultController->actionIndex()
#15 /srv/www/htdocs/yii/framework/web/CController.php(308): CInlineAction->runWithParams(Array)
#16 /srv/www/htdocs/yii/framework/web/CController.php(286): CController->runAction(Object(CInlineAction))
#17 /srv/www/htdocs/yii/framework/web/CController.php(265): CController->runActionWithFilters(Object(CInlineAction), Array)
#18 /srv/www/htdocs/yii/framework/web/CWebApplication.php(282): CController->run('index')
#19 /srv/www/htdocs/yii/framework/web/CWebApplication.php(141): CWebApplication->runController('default/index')
#20 /srv/www/htdocs/yii/framework/base/CApplication.php(184): CWebApplication->processRequest()
#21 /srv/www/htdocs/sales/index.php(13): CApplication->run()
#22 {main}
REQUEST_URI=/sales/index.php?r=default/index
---
2015/05/18 22:40:05 [error] [exception.CException] exception 'CException' with message 'Property "CWebUser.companydsc" is not defined.' in /srv/www/htdocs/yii/framework/base/CComponent.php:130
Stack trace:
#0 /srv/www/htdocs/yii/framework/web/auth/CWebUser.php(146): CComponent->__get('companydsc')
#1 /srv/www/htdocs/portsales/protected/views/layouts/main.php(61): CWebUser->__get('companydsc')
#2 /srv/www/htdocs/yii/framework/web/CBaseController.php(126): require('/srv/www/htdocs...')
#3 /srv/www/htdocs/yii/framework/web/CBaseController.php(95): CBaseController->renderInternal('/srv/www/htdocs...', Array, true)
#4 /srv/www/htdocs/yii/framework/web/widgets/CContentDecorator.php(76): CBaseController->renderFile('/srv/www/htdocs...', Array, true)
#5 /srv/www/htdocs/yii/framework/web/widgets/CContentDecorator.php(54): CContentDecorator->decorate('<div id="conten...')
#6 /srv/www/htdocs/yii/framework/web/widgets/COutputProcessor.php(44): CContentDecorator->processOutput('<div id="conten...')
#7 /srv/www/htdocs/yii/framework/web/CBaseController.php(214): COutputProcessor->run()
#8 /srv/www/htdocs/yii/framework/web/CBaseController.php(308): CBaseController->endWidget('CContentDecorat...')
#9 /srv/www/htdocs/portsales/protected/views/layouts/column1.php(6): CBaseController->endContent()
#10 /srv/www/htdocs/yii/framework/web/CBaseController.php(126): require('/srv/www/htdocs...')
#11 /srv/www/htdocs/yii/framework/web/CBaseController.php(95): CBaseController->renderInternal('/srv/www/htdocs...', Array, true)
#12 /srv/www/htdocs/yii/framework/web/CController.php(784): CBaseController->renderFile('/srv/www/htdocs...', Array, true)
#13 /srv/www/htdocs/portsales/protected/controllers/DefaultController.php(7): CController->render('index')
#14 /srv/www/htdocs/yii/framework/web/actions/CInlineAction.php(49): DefaultController->actionIndex()
#15 /srv/www/htdocs/yii/framework/web/CController.php(308): CInlineAction->runWithParams(Array)
#16 /srv/www/htdocs/yii/framework/web/CController.php(286): CController->runAction(Object(CInlineAction))
#17 /srv/www/htdocs/yii/framework/web/CController.php(265): CController->runActionWithFilters(Object(CInlineAction), Array)
#18 /srv/www/htdocs/yii/framework/web/CWebApplication.php(282): CController->run('index')
#19 /srv/www/htdocs/yii/framework/web/CWebApplication.php(141): CWebApplication->runController('default/index')
#20 /srv/www/htdocs/yii/framework/base/CApplication.php(184): CWebApplication->processRequest()
#21 /srv/www/htdocs/portsales/index.php(13): CApplication->run()
#22 {main}
REQUEST_URI=/portsales/index.php?r=default/index
---
